reading command line arguments
loading configuration from file "config/perf-test-2000x2000.cfg"
configuration:
  Nx = 2000
  Ny = 2000
   T = 100
  TT = 1250
   r = 0.08
   a = 0.04
   b = 0.02
   m = 0.06
   k = 0.2
   l = 0.2
  dt = 0.4
loading bitmask file "landscapes/all-land-2000x2000.dat"
bitmask size: 2000 x 2000
landscape size: 2000 x 2000
writing landscape to "output0.ppm"
preparing PPM file: "output0.ppm"
PPM file closed; 4000000 pixels written
landscape updated to time 0 months
landscape updated to time 0.4 months
landscape updated to time 0.8 months
landscape updated to time 1.2 months
landscape updated to time 1.6 months
landscape updated to time 2 months
landscape updated to time 2.4 months
landscape updated to time 2.8 months
landscape updated to time 3.2 months
landscape updated to time 3.6 months
landscape updated to time 4 months
landscape updated to time 4.4 months
landscape updated to time 4.8 months
landscape updated to time 5.2 months
landscape updated to time 5.6 months
landscape updated to time 6 months
landscape updated to time 6.4 months
landscape updated to time 6.8 months
landscape updated to time 7.2 months
landscape updated to time 7.6 months
landscape updated to time 8 months
landscape updated to time 8.4 months
landscape updated to time 8.8 months
landscape updated to time 9.2 months
landscape updated to time 9.6 months
landscape updated to time 10 months
landscape updated to time 10.4 months
landscape updated to time 10.8 months
landscape updated to time 11.2 months
landscape updated to time 11.6 months
landscape updated to time 12 months
landscape updated to time 12.4 months
landscape updated to time 12.8 months
landscape updated to time 13.2 months
landscape updated to time 13.6 months
landscape updated to time 14 months
landscape updated to time 14.4 months
landscape updated to time 14.8 months
landscape updated to time 15.2 months
landscape updated to time 15.6 months
landscape updated to time 16 months
landscape updated to time 16.4 months
landscape updated to time 16.8 months
landscape updated to time 17.2 months
landscape updated to time 17.6 months
landscape updated to time 18 months
landscape updated to time 18.4 months
landscape updated to time 18.8 months
landscape updated to time 19.2 months
landscape updated to time 19.6 months
landscape updated to time 20 months
landscape updated to time 20.4 months
landscape updated to time 20.8 months
landscape updated to time 21.2 months
landscape updated to time 21.6 months
landscape updated to time 22 months
landscape updated to time 22.4 months
landscape updated to time 22.8 months
landscape updated to time 23.2 months
landscape updated to time 23.6 months
landscape updated to time 24 months
landscape updated to time 24.4 months
landscape updated to time 24.8 months
landscape updated to time 25.2 months
landscape updated to time 25.6 months
landscape updated to time 26 months
landscape updated to time 26.4 months
landscape updated to time 26.8 months
landscape updated to time 27.2 months
landscape updated to time 27.6 months
landscape updated to time 28 months
landscape updated to time 28.4 months
landscape updated to time 28.8 months
landscape updated to time 29.2 months
landscape updated to time 29.6 months
landscape updated to time 30 months
landscape updated to time 30.4 months
landscape updated to time 30.8 months
landscape updated to time 31.2 months
landscape updated to time 31.6 months
landscape updated to time 32 months
landscape updated to time 32.4 months
landscape updated to time 32.8 months
landscape updated to time 33.2 months
landscape updated to time 33.6 months
landscape updated to time 34 months
landscape updated to time 34.4 months
landscape updated to time 34.8 months
landscape updated to time 35.2 months
landscape updated to time 35.6 months
landscape updated to time 36 months
landscape updated to time 36.4 months
landscape updated to time 36.8 months
landscape updated to time 37.2 months
landscape updated to time 37.6 months
landscape updated to time 38 months
landscape updated to time 38.4 months
landscape updated to time 38.8 months
landscape updated to time 39.2 months
landscape updated to time 39.6 months
writing landscape to "output100.ppm"
preparing PPM file: "output100.ppm"
PPM file closed; 4000000 pixels written
landscape updated to time 40 months
landscape updated to time 40.4 months
landscape updated to time 40.8 months
landscape updated to time 41.2 months
landscape updated to time 41.6 months
landscape updated to time 42 months
landscape updated to time 42.4 months
landscape updated to time 42.8 months
landscape updated to time 43.2 months
landscape updated to time 43.6 months
landscape updated to time 44 months
landscape updated to time 44.4 months
landscape updated to time 44.8 months
landscape updated to time 45.2 months
landscape updated to time 45.6 months
landscape updated to time 46 months
landscape updated to time 46.4 months
landscape updated to time 46.8 months
landscape updated to time 47.2 months
landscape updated to time 47.6 months
landscape updated to time 48 months
landscape updated to time 48.4 months
landscape updated to time 48.8 months
landscape updated to time 49.2 months
landscape updated to time 49.6 months
landscape updated to time 50 months
landscape updated to time 50.4 months
landscape updated to time 50.8 months
landscape updated to time 51.2 months
landscape updated to time 51.6 months
landscape updated to time 52 months
landscape updated to time 52.4 months
landscape updated to time 52.8 months
landscape updated to time 53.2 months
landscape updated to time 53.6 months
landscape updated to time 54 months
landscape updated to time 54.4 months
landscape updated to time 54.8 months
landscape updated to time 55.2 months
landscape updated to time 55.6 months
landscape updated to time 56 months
landscape updated to time 56.4 months
landscape updated to time 56.8 months
landscape updated to time 57.2 months
landscape updated to time 57.6 months
landscape updated to time 58 months
landscape updated to time 58.4 months
landscape updated to time 58.8 months
landscape updated to time 59.2 months
landscape updated to time 59.6 months
landscape updated to time 60 months
landscape updated to time 60.4 months
landscape updated to time 60.8 months
landscape updated to time 61.2 months
landscape updated to time 61.6 months
landscape updated to time 62 months
landscape updated to time 62.4 months
landscape updated to time 62.8 months
landscape updated to time 63.2 months
landscape updated to time 63.6 months
landscape updated to time 64 months
landscape updated to time 64.4 months
landscape updated to time 64.8 months
landscape updated to time 65.2 months
landscape updated to time 65.6 months
landscape updated to time 66 months
landscape updated to time 66.4 months
landscape updated to time 66.8 months
landscape updated to time 67.2 months
landscape updated to time 67.6 months
landscape updated to time 68 months
landscape updated to time 68.4 months
landscape updated to time 68.8 months
landscape updated to time 69.2 months
landscape updated to time 69.6 months
landscape updated to time 70 months
landscape updated to time 70.4 months
landscape updated to time 70.8 months
landscape updated to time 71.2 months
landscape updated to time 71.6 months
landscape updated to time 72 months
landscape updated to time 72.4 months
landscape updated to time 72.8 months
landscape updated to time 73.2 months
landscape updated to time 73.6 months
landscape updated to time 74 months
landscape updated to time 74.4 months
landscape updated to time 74.8 months
landscape updated to time 75.2 months
landscape updated to time 75.6 months
landscape updated to time 76 months
landscape updated to time 76.4 months
landscape updated to time 76.8 months
landscape updated to time 77.2 months
landscape updated to time 77.6 months
landscape updated to time 78 months
landscape updated to time 78.4 months
landscape updated to time 78.8 months
landscape updated to time 79.2 months
landscape updated to time 79.6 months
writing landscape to "output200.ppm"
preparing PPM file: "output200.ppm"
PPM file closed; 4000000 pixels written
landscape updated to time 80 months
landscape updated to time 80.4 months
landscape updated to time 80.8 months
landscape updated to time 81.2 months
landscape updated to time 81.6 months
landscape updated to time 82 months
landscape updated to time 82.4 months
landscape updated to time 82.8 months
landscape updated to time 83.2 months
landscape updated to time 83.6 months
landscape updated to time 84 months
landscape updated to time 84.4 months
landscape updated to time 84.8 months
landscape updated to time 85.2 months
landscape updated to time 85.6 months
landscape updated to time 86 months
landscape updated to time 86.4 months
landscape updated to time 86.8 months
landscape updated to time 87.2 months
landscape updated to time 87.6 months
landscape updated to time 88 months
landscape updated to time 88.4 months
landscape updated to time 88.8 months
landscape updated to time 89.2 months
landscape updated to time 89.6 months
landscape updated to time 90 months
landscape updated to time 90.4 months
landscape updated to time 90.8 months
landscape updated to time 91.2 months
landscape updated to time 91.6 months
landscape updated to time 92 months
landscape updated to time 92.4 months
landscape updated to time 92.8 months
landscape updated to time 93.2 months
landscape updated to time 93.6 months
landscape updated to time 94 months
landscape updated to time 94.4 months
landscape updated to time 94.8 months
landscape updated to time 95.2 months
landscape updated to time 95.6 months
landscape updated to time 96 months
landscape updated to time 96.4 months
landscape updated to time 96.8 months
landscape updated to time 97.2 months
landscape updated to time 97.6 months
landscape updated to time 98 months
landscape updated to time 98.4 months
landscape updated to time 98.8 months
landscape updated to time 99.2 months
landscape updated to time 99.6 months
landscape updated to time 100 months
landscape updated to time 100.4 months
landscape updated to time 100.8 months
landscape updated to time 101.2 months
landscape updated to time 101.6 months
landscape updated to time 102 months
landscape updated to time 102.4 months
landscape updated to time 102.8 months
landscape updated to time 103.2 months
landscape updated to time 103.6 months
landscape updated to time 104 months
landscape updated to time 104.4 months
landscape updated to time 104.8 months
landscape updated to time 105.2 months
landscape updated to time 105.6 months
landscape updated to time 106 months
landscape updated to time 106.4 months
landscape updated to time 106.8 months
landscape updated to time 107.2 months
landscape updated to time 107.6 months
landscape updated to time 108 months
landscape updated to time 108.4 months
landscape updated to time 108.8 months
landscape updated to time 109.2 months
landscape updated to time 109.6 months
landscape updated to time 110 months
landscape updated to time 110.4 months
landscape updated to time 110.8 months
landscape updated to time 111.2 months
landscape updated to time 111.6 months
landscape updated to time 112 months
landscape updated to time 112.4 months
landscape updated to time 112.8 months
landscape updated to time 113.2 months
landscape updated to time 113.6 months
landscape updated to time 114 months
landscape updated to time 114.4 months
landscape updated to time 114.8 months
landscape updated to time 115.2 months
landscape updated to time 115.6 months
landscape updated to time 116 months
landscape updated to time 116.4 months
landscape updated to time 116.8 months
landscape updated to time 117.2 months
landscape updated to time 117.6 months
landscape updated to time 118 months
landscape updated to time 118.4 months
landscape updated to time 118.8 months
landscape updated to time 119.2 months
landscape updated to time 119.6 months
writing landscape to "output300.ppm"
preparing PPM file: "output300.ppm"
PPM file closed; 4000000 pixels written
landscape updated to time 120 months
landscape updated to time 120.4 months
landscape updated to time 120.8 months
landscape updated to time 121.2 months
landscape updated to time 121.6 months
landscape updated to time 122 months
landscape updated to time 122.4 months
landscape updated to time 122.8 months
landscape updated to time 123.2 months
landscape updated to time 123.6 months
landscape updated to time 124 months
landscape updated to time 124.4 months
landscape updated to time 124.8 months
landscape updated to time 125.2 months
landscape updated to time 125.6 months
landscape updated to time 126 months
landscape updated to time 126.4 months
landscape updated to time 126.8 months
landscape updated to time 127.2 months
landscape updated to time 127.6 months
landscape updated to time 128 months
landscape updated to time 128.4 months
landscape updated to time 128.8 months
landscape updated to time 129.2 months
landscape updated to time 129.6 months
landscape updated to time 130 months
landscape updated to time 130.4 months
landscape updated to time 130.8 months
landscape updated to time 131.2 months
landscape updated to time 131.6 months
landscape updated to time 132 months
landscape updated to time 132.4 months
landscape updated to time 132.8 months
landscape updated to time 133.2 months
landscape updated to time 133.6 months
landscape updated to time 134 months
landscape updated to time 134.4 months
landscape updated to time 134.8 months
landscape updated to time 135.2 months
landscape updated to time 135.6 months
landscape updated to time 136 months
landscape updated to time 136.4 months
landscape updated to time 136.8 months
landscape updated to time 137.2 months
landscape updated to time 137.6 months
landscape updated to time 138 months
landscape updated to time 138.4 months
landscape updated to time 138.8 months
landscape updated to time 139.2 months
landscape updated to time 139.6 months
landscape updated to time 140 months
landscape updated to time 140.4 months
landscape updated to time 140.8 months
landscape updated to time 141.2 months
landscape updated to time 141.6 months
landscape updated to time 142 months
landscape updated to time 142.4 months
landscape updated to time 142.8 months
landscape updated to time 143.2 months
landscape updated to time 143.6 months
landscape updated to time 144 months
landscape updated to time 144.4 months
landscape updated to time 144.8 months
landscape updated to time 145.2 months
landscape updated to time 145.6 months
landscape updated to time 146 months
landscape updated to time 146.4 months
landscape updated to time 146.8 months
landscape updated to time 147.2 months
landscape updated to time 147.6 months
landscape updated to time 148 months
landscape updated to time 148.4 months
landscape updated to time 148.8 months
landscape updated to time 149.2 months
landscape updated to time 149.6 months
landscape updated to time 150 months
landscape updated to time 150.4 months
landscape updated to time 150.8 months
landscape updated to time 151.2 months
landscape updated to time 151.6 months
landscape updated to time 152 months
landscape updated to time 152.4 months
landscape updated to time 152.8 months
landscape updated to time 153.2 months
landscape updated to time 153.6 months
landscape updated to time 154 months
landscape updated to time 154.4 months
landscape updated to time 154.8 months
landscape updated to time 155.2 months
landscape updated to time 155.6 months
landscape updated to time 156 months
landscape updated to time 156.4 months
landscape updated to time 156.8 months
landscape updated to time 157.2 months
landscape updated to time 157.6 months
landscape updated to time 158 months
landscape updated to time 158.4 months
landscape updated to time 158.8 months
landscape updated to time 159.2 months
landscape updated to time 159.6 months
writing landscape to "output400.ppm"
preparing PPM file: "output400.ppm"
PPM file closed; 4000000 pixels written
landscape updated to time 160 months
landscape updated to time 160.4 months
landscape updated to time 160.8 months
landscape updated to time 161.2 months
landscape updated to time 161.6 months
landscape updated to time 162 months
landscape updated to time 162.4 months
landscape updated to time 162.8 months
landscape updated to time 163.2 months
landscape updated to time 163.6 months
landscape updated to time 164 months
landscape updated to time 164.4 months
landscape updated to time 164.8 months
landscape updated to time 165.2 months
landscape updated to time 165.6 months
landscape updated to time 166 months
landscape updated to time 166.4 months
landscape updated to time 166.8 months
landscape updated to time 167.2 months
landscape updated to time 167.6 months
landscape updated to time 168 months
landscape updated to time 168.4 months
landscape updated to time 168.8 months
landscape updated to time 169.2 months
landscape updated to time 169.6 months
landscape updated to time 170 months
landscape updated to time 170.4 months
landscape updated to time 170.8 months
landscape updated to time 171.2 months
landscape updated to time 171.6 months
landscape updated to time 172 months
landscape updated to time 172.4 months
landscape updated to time 172.8 months
landscape updated to time 173.2 months
landscape updated to time 173.6 months
landscape updated to time 174 months
landscape updated to time 174.4 months
landscape updated to time 174.8 months
landscape updated to time 175.2 months
landscape updated to time 175.6 months
landscape updated to time 176 months
landscape updated to time 176.4 months
landscape updated to time 176.8 months
landscape updated to time 177.2 months
landscape updated to time 177.6 months
landscape updated to time 178 months
landscape updated to time 178.4 months
landscape updated to time 178.8 months
landscape updated to time 179.2 months
landscape updated to time 179.6 months
landscape updated to time 180 months
landscape updated to time 180.4 months
landscape updated to time 180.8 months
landscape updated to time 181.2 months
landscape updated to time 181.6 months
landscape updated to time 182 months
landscape updated to time 182.4 months
landscape updated to time 182.8 months
landscape updated to time 183.2 months
landscape updated to time 183.6 months
landscape updated to time 184 months
landscape updated to time 184.4 months
landscape updated to time 184.8 months
landscape updated to time 185.2 months
landscape updated to time 185.6 months
landscape updated to time 186 months
landscape updated to time 186.4 months
landscape updated to time 186.8 months
landscape updated to time 187.2 months
landscape updated to time 187.6 months
landscape updated to time 188 months
landscape updated to time 188.4 months
landscape updated to time 188.8 months
landscape updated to time 189.2 months
landscape updated to time 189.6 months
landscape updated to time 190 months
landscape updated to time 190.4 months
landscape updated to time 190.8 months
landscape updated to time 191.2 months
landscape updated to time 191.6 months
landscape updated to time 192 months
landscape updated to time 192.4 months
landscape updated to time 192.8 months
landscape updated to time 193.2 months
landscape updated to time 193.6 months
landscape updated to time 194 months
landscape updated to time 194.4 months
landscape updated to time 194.8 months
landscape updated to time 195.2 months
landscape updated to time 195.6 months
landscape updated to time 196 months
landscape updated to time 196.4 months
landscape updated to time 196.8 months
landscape updated to time 197.2 months
landscape updated to time 197.6 months
landscape updated to time 198 months
landscape updated to time 198.4 months
landscape updated to time 198.8 months
landscape updated to time 199.2 months
landscape updated to time 199.6 months
writing landscape to "output500.ppm"
preparing PPM file: "output500.ppm"
PPM file closed; 4000000 pixels written
landscape updated to time 200 months
landscape updated to time 200.4 months
landscape updated to time 200.8 months
landscape updated to time 201.2 months
landscape updated to time 201.6 months
landscape updated to time 202 months
landscape updated to time 202.4 months
landscape updated to time 202.8 months
landscape updated to time 203.2 months
landscape updated to time 203.6 months
landscape updated to time 204 months
landscape updated to time 204.4 months
landscape updated to time 204.8 months
landscape updated to time 205.2 months
landscape updated to time 205.6 months
landscape updated to time 206 months
landscape updated to time 206.4 months
landscape updated to time 206.8 months
landscape updated to time 207.2 months
landscape updated to time 207.6 months
landscape updated to time 208 months
landscape updated to time 208.4 months
landscape updated to time 208.8 months
landscape updated to time 209.2 months
landscape updated to time 209.6 months
landscape updated to time 210 months
landscape updated to time 210.4 months
landscape updated to time 210.8 months
landscape updated to time 211.2 months
landscape updated to time 211.6 months
landscape updated to time 212 months
landscape updated to time 212.4 months
landscape updated to time 212.8 months
landscape updated to time 213.2 months
landscape updated to time 213.6 months
landscape updated to time 214 months
landscape updated to time 214.4 months
landscape updated to time 214.8 months
landscape updated to time 215.2 months
landscape updated to time 215.6 months
landscape updated to time 216 months
landscape updated to time 216.4 months
landscape updated to time 216.8 months
landscape updated to time 217.2 months
landscape updated to time 217.6 months
landscape updated to time 218 months
landscape updated to time 218.4 months
landscape updated to time 218.8 months
landscape updated to time 219.2 months
landscape updated to time 219.6 months
landscape updated to time 220 months
landscape updated to time 220.4 months
landscape updated to time 220.8 months
landscape updated to time 221.2 months
landscape updated to time 221.6 months
landscape updated to time 222 months
landscape updated to time 222.4 months
landscape updated to time 222.8 months
landscape updated to time 223.2 months
landscape updated to time 223.6 months
landscape updated to time 224 months
landscape updated to time 224.4 months
landscape updated to time 224.8 months
landscape updated to time 225.2 months
landscape updated to time 225.6 months
landscape updated to time 226 months
landscape updated to time 226.4 months
landscape updated to time 226.8 months
landscape updated to time 227.2 months
landscape updated to time 227.6 months
landscape updated to time 228 months
landscape updated to time 228.4 months
landscape updated to time 228.8 months
landscape updated to time 229.2 months
landscape updated to time 229.6 months
landscape updated to time 230 months
landscape updated to time 230.4 months
landscape updated to time 230.8 months
landscape updated to time 231.2 months
landscape updated to time 231.6 months
landscape updated to time 232 months
landscape updated to time 232.4 months
landscape updated to time 232.8 months
landscape updated to time 233.2 months
landscape updated to time 233.6 months
landscape updated to time 234 months
landscape updated to time 234.4 months
landscape updated to time 234.8 months
landscape updated to time 235.2 months
landscape updated to time 235.6 months
landscape updated to time 236 months
landscape updated to time 236.4 months
landscape updated to time 236.8 months
landscape updated to time 237.2 months
landscape updated to time 237.6 months
landscape updated to time 238 months
landscape updated to time 238.4 months
landscape updated to time 238.8 months
landscape updated to time 239.2 months
landscape updated to time 239.6 months
writing landscape to "output600.ppm"
preparing PPM file: "output600.ppm"
PPM file closed; 4000000 pixels written
landscape updated to time 240 months
landscape updated to time 240.4 months
landscape updated to time 240.8 months
landscape updated to time 241.2 months
landscape updated to time 241.6 months
landscape updated to time 242 months
landscape updated to time 242.4 months
landscape updated to time 242.8 months
landscape updated to time 243.2 months
landscape updated to time 243.6 months
landscape updated to time 244 months
landscape updated to time 244.4 months
landscape updated to time 244.8 months
landscape updated to time 245.2 months
landscape updated to time 245.6 months
landscape updated to time 246 months
landscape updated to time 246.4 months
landscape updated to time 246.8 months
landscape updated to time 247.2 months
landscape updated to time 247.6 months
landscape updated to time 248 months
landscape updated to time 248.4 months
landscape updated to time 248.8 months
landscape updated to time 249.2 months
landscape updated to time 249.6 months
landscape updated to time 250 months
landscape updated to time 250.4 months
landscape updated to time 250.8 months
landscape updated to time 251.2 months
landscape updated to time 251.6 months
landscape updated to time 252 months
landscape updated to time 252.4 months
landscape updated to time 252.8 months
landscape updated to time 253.2 months
landscape updated to time 253.6 months
landscape updated to time 254 months
landscape updated to time 254.4 months
landscape updated to time 254.8 months
landscape updated to time 255.2 months
landscape updated to time 255.6 months
landscape updated to time 256 months
landscape updated to time 256.4 months
landscape updated to time 256.8 months
landscape updated to time 257.2 months
landscape updated to time 257.6 months
landscape updated to time 258 months
landscape updated to time 258.4 months
landscape updated to time 258.8 months
landscape updated to time 259.2 months
landscape updated to time 259.6 months
landscape updated to time 260 months
landscape updated to time 260.4 months
landscape updated to time 260.8 months
landscape updated to time 261.2 months
landscape updated to time 261.6 months
landscape updated to time 262 months
landscape updated to time 262.4 months
landscape updated to time 262.8 months
landscape updated to time 263.2 months
landscape updated to time 263.6 months
landscape updated to time 264 months
landscape updated to time 264.4 months
landscape updated to time 264.8 months
landscape updated to time 265.2 months
landscape updated to time 265.6 months
landscape updated to time 266 months
landscape updated to time 266.4 months
landscape updated to time 266.8 months
landscape updated to time 267.2 months
landscape updated to time 267.6 months
landscape updated to time 268 months
landscape updated to time 268.4 months
landscape updated to time 268.8 months
landscape updated to time 269.2 months
landscape updated to time 269.6 months
landscape updated to time 270 months
landscape updated to time 270.4 months
landscape updated to time 270.8 months
landscape updated to time 271.2 months
landscape updated to time 271.6 months
landscape updated to time 272 months
landscape updated to time 272.4 months
landscape updated to time 272.8 months
landscape updated to time 273.2 months
landscape updated to time 273.6 months
landscape updated to time 274 months
landscape updated to time 274.4 months
landscape updated to time 274.8 months
landscape updated to time 275.2 months
landscape updated to time 275.6 months
landscape updated to time 276 months
landscape updated to time 276.4 months
landscape updated to time 276.8 months
landscape updated to time 277.2 months
landscape updated to time 277.6 months
landscape updated to time 278 months
landscape updated to time 278.4 months
landscape updated to time 278.8 months
landscape updated to time 279.2 months
landscape updated to time 279.6 months
writing landscape to "output700.ppm"
preparing PPM file: "output700.ppm"
PPM file closed; 4000000 pixels written
landscape updated to time 280 months
landscape updated to time 280.4 months
landscape updated to time 280.8 months
landscape updated to time 281.2 months
landscape updated to time 281.6 months
landscape updated to time 282 months
landscape updated to time 282.4 months
landscape updated to time 282.8 months
landscape updated to time 283.2 months
landscape updated to time 283.6 months
landscape updated to time 284 months
landscape updated to time 284.4 months
landscape updated to time 284.8 months
landscape updated to time 285.2 months
landscape updated to time 285.6 months
landscape updated to time 286 months
landscape updated to time 286.4 months
landscape updated to time 286.8 months
landscape updated to time 287.2 months
landscape updated to time 287.6 months
landscape updated to time 288 months
landscape updated to time 288.4 months
landscape updated to time 288.8 months
landscape updated to time 289.2 months
landscape updated to time 289.6 months
landscape updated to time 290 months
landscape updated to time 290.4 months
landscape updated to time 290.8 months
landscape updated to time 291.2 months
landscape updated to time 291.6 months
landscape updated to time 292 months
landscape updated to time 292.4 months
landscape updated to time 292.8 months
landscape updated to time 293.2 months
landscape updated to time 293.6 months
landscape updated to time 294 months
landscape updated to time 294.4 months
landscape updated to time 294.8 months
landscape updated to time 295.2 months
landscape updated to time 295.6 months
landscape updated to time 296 months
landscape updated to time 296.4 months
landscape updated to time 296.8 months
landscape updated to time 297.2 months
landscape updated to time 297.6 months
landscape updated to time 298 months
landscape updated to time 298.4 months
landscape updated to time 298.8 months
landscape updated to time 299.2 months
landscape updated to time 299.6 months
landscape updated to time 300 months
landscape updated to time 300.4 months
landscape updated to time 300.8 months
landscape updated to time 301.2 months
landscape updated to time 301.6 months
landscape updated to time 302 months
landscape updated to time 302.4 months
landscape updated to time 302.8 months
landscape updated to time 303.2 months
landscape updated to time 303.6 months
landscape updated to time 304 months
landscape updated to time 304.4 months
landscape updated to time 304.8 months
landscape updated to time 305.2 months
landscape updated to time 305.6 months
landscape updated to time 306 months
landscape updated to time 306.4 months
landscape updated to time 306.8 months
landscape updated to time 307.2 months
landscape updated to time 307.6 months
landscape updated to time 308 months
landscape updated to time 308.4 months
landscape updated to time 308.8 months
landscape updated to time 309.2 months
landscape updated to time 309.6 months
landscape updated to time 310 months
landscape updated to time 310.4 months
landscape updated to time 310.8 months
landscape updated to time 311.2 months
landscape updated to time 311.6 months
landscape updated to time 312 months
landscape updated to time 312.4 months
landscape updated to time 312.8 months
landscape updated to time 313.2 months
landscape updated to time 313.6 months
landscape updated to time 314 months
landscape updated to time 314.4 months
landscape updated to time 314.8 months
landscape updated to time 315.2 months
landscape updated to time 315.6 months
landscape updated to time 316 months
landscape updated to time 316.4 months
landscape updated to time 316.8 months
landscape updated to time 317.2 months
landscape updated to time 317.6 months
landscape updated to time 318 months
landscape updated to time 318.4 months
landscape updated to time 318.8 months
landscape updated to time 319.2 months
landscape updated to time 319.6 months
writing landscape to "output800.ppm"
preparing PPM file: "output800.ppm"
PPM file closed; 4000000 pixels written
landscape updated to time 320 months
landscape updated to time 320.4 months
landscape updated to time 320.8 months
landscape updated to time 321.2 months
landscape updated to time 321.6 months
landscape updated to time 322 months
landscape updated to time 322.4 months
landscape updated to time 322.8 months
landscape updated to time 323.2 months
landscape updated to time 323.6 months
landscape updated to time 324 months
landscape updated to time 324.4 months
landscape updated to time 324.8 months
landscape updated to time 325.2 months
landscape updated to time 325.6 months
landscape updated to time 326 months
landscape updated to time 326.4 months
landscape updated to time 326.8 months
landscape updated to time 327.2 months
landscape updated to time 327.6 months
landscape updated to time 328 months
landscape updated to time 328.4 months
landscape updated to time 328.8 months
landscape updated to time 329.2 months
landscape updated to time 329.6 months
landscape updated to time 330 months
landscape updated to time 330.4 months
landscape updated to time 330.8 months
landscape updated to time 331.2 months
landscape updated to time 331.6 months
landscape updated to time 332 months
landscape updated to time 332.4 months
landscape updated to time 332.8 months
landscape updated to time 333.2 months
landscape updated to time 333.6 months
landscape updated to time 334 months
landscape updated to time 334.4 months
landscape updated to time 334.8 months
landscape updated to time 335.2 months
landscape updated to time 335.6 months
landscape updated to time 336 months
landscape updated to time 336.4 months
landscape updated to time 336.8 months
landscape updated to time 337.2 months
landscape updated to time 337.6 months
landscape updated to time 338 months
landscape updated to time 338.4 months
landscape updated to time 338.8 months
landscape updated to time 339.2 months
landscape updated to time 339.6 months
landscape updated to time 340 months
landscape updated to time 340.4 months
landscape updated to time 340.8 months
landscape updated to time 341.2 months
landscape updated to time 341.6 months
landscape updated to time 342 months
landscape updated to time 342.4 months
landscape updated to time 342.8 months
landscape updated to time 343.2 months
landscape updated to time 343.6 months
landscape updated to time 344 months
landscape updated to time 344.4 months
landscape updated to time 344.8 months
landscape updated to time 345.2 months
landscape updated to time 345.6 months
landscape updated to time 346 months
landscape updated to time 346.4 months
landscape updated to time 346.8 months
landscape updated to time 347.2 months
landscape updated to time 347.6 months
landscape updated to time 348 months
landscape updated to time 348.4 months
landscape updated to time 348.8 months
landscape updated to time 349.2 months
landscape updated to time 349.6 months
landscape updated to time 350 months
landscape updated to time 350.4 months
landscape updated to time 350.8 months
landscape updated to time 351.2 months
landscape updated to time 351.6 months
landscape updated to time 352 months
landscape updated to time 352.4 months
landscape updated to time 352.8 months
landscape updated to time 353.2 months
landscape updated to time 353.6 months
landscape updated to time 354 months
landscape updated to time 354.4 months
landscape updated to time 354.8 months
landscape updated to time 355.2 months
landscape updated to time 355.6 months
landscape updated to time 356 months
landscape updated to time 356.4 months
landscape updated to time 356.8 months
landscape updated to time 357.2 months
landscape updated to time 357.6 months
landscape updated to time 358 months
landscape updated to time 358.4 months
landscape updated to time 358.8 months
landscape updated to time 359.2 months
landscape updated to time 359.6 months
writing landscape to "output900.ppm"
preparing PPM file: "output900.ppm"
PPM file closed; 4000000 pixels written
landscape updated to time 360 months
landscape updated to time 360.4 months
landscape updated to time 360.8 months
landscape updated to time 361.2 months
landscape updated to time 361.6 months
landscape updated to time 362 months
landscape updated to time 362.4 months
landscape updated to time 362.8 months
landscape updated to time 363.2 months
landscape updated to time 363.6 months
landscape updated to time 364 months
landscape updated to time 364.4 months
landscape updated to time 364.8 months
landscape updated to time 365.2 months
landscape updated to time 365.6 months
landscape updated to time 366 months
landscape updated to time 366.4 months
landscape updated to time 366.8 months
landscape updated to time 367.2 months
landscape updated to time 367.6 months
landscape updated to time 368 months
landscape updated to time 368.4 months
landscape updated to time 368.8 months
landscape updated to time 369.2 months
landscape updated to time 369.6 months
landscape updated to time 370 months
landscape updated to time 370.4 months
landscape updated to time 370.8 months
landscape updated to time 371.2 months
landscape updated to time 371.6 months
landscape updated to time 372 months
landscape updated to time 372.4 months
landscape updated to time 372.8 months
landscape updated to time 373.2 months
landscape updated to time 373.6 months
landscape updated to time 374 months
landscape updated to time 374.4 months
landscape updated to time 374.8 months
landscape updated to time 375.2 months
landscape updated to time 375.6 months
landscape updated to time 376 months
landscape updated to time 376.4 months
landscape updated to time 376.8 months
landscape updated to time 377.2 months
landscape updated to time 377.6 months
landscape updated to time 378 months
landscape updated to time 378.4 months
landscape updated to time 378.8 months
landscape updated to time 379.2 months
landscape updated to time 379.6 months
landscape updated to time 380 months
landscape updated to time 380.4 months
landscape updated to time 380.8 months
landscape updated to time 381.2 months
landscape updated to time 381.6 months
landscape updated to time 382 months
landscape updated to time 382.4 months
landscape updated to time 382.8 months
landscape updated to time 383.2 months
landscape updated to time 383.6 months
landscape updated to time 384 months
landscape updated to time 384.4 months
landscape updated to time 384.8 months
landscape updated to time 385.2 months
landscape updated to time 385.6 months
landscape updated to time 386 months
landscape updated to time 386.4 months
landscape updated to time 386.8 months
landscape updated to time 387.2 months
landscape updated to time 387.6 months
landscape updated to time 388 months
landscape updated to time 388.4 months
landscape updated to time 388.8 months
landscape updated to time 389.2 months
landscape updated to time 389.6 months
landscape updated to time 390 months
landscape updated to time 390.4 months
landscape updated to time 390.8 months
landscape updated to time 391.2 months
landscape updated to time 391.6 months
landscape updated to time 392 months
landscape updated to time 392.4 months
landscape updated to time 392.8 months
landscape updated to time 393.2 months
landscape updated to time 393.6 months
landscape updated to time 394 months
landscape updated to time 394.4 months
landscape updated to time 394.8 months
landscape updated to time 395.2 months
landscape updated to time 395.6 months
landscape updated to time 396 months
landscape updated to time 396.4 months
landscape updated to time 396.8 months
landscape updated to time 397.2 months
landscape updated to time 397.6 months
landscape updated to time 398 months
landscape updated to time 398.4 months
landscape updated to time 398.8 months
landscape updated to time 399.2 months
landscape updated to time 399.6 months
writing landscape to "output1000.ppm"
preparing PPM file: "output1000.ppm"
PPM file closed; 4000000 pixels written
landscape updated to time 400 months
landscape updated to time 400.4 months
landscape updated to time 400.8 months
landscape updated to time 401.2 months
landscape updated to time 401.6 months
landscape updated to time 402 months
landscape updated to time 402.4 months
landscape updated to time 402.8 months
landscape updated to time 403.2 months
landscape updated to time 403.6 months
landscape updated to time 404 months
landscape updated to time 404.4 months
landscape updated to time 404.8 months
landscape updated to time 405.2 months
landscape updated to time 405.6 months
landscape updated to time 406 months
landscape updated to time 406.4 months
landscape updated to time 406.8 months
landscape updated to time 407.2 months
landscape updated to time 407.6 months
landscape updated to time 408 months
landscape updated to time 408.4 months
landscape updated to time 408.8 months
landscape updated to time 409.2 months
landscape updated to time 409.6 months
landscape updated to time 410 months
landscape updated to time 410.4 months
landscape updated to time 410.8 months
landscape updated to time 411.2 months
landscape updated to time 411.6 months
landscape updated to time 412 months
landscape updated to time 412.4 months
landscape updated to time 412.8 months
landscape updated to time 413.2 months
landscape updated to time 413.6 months
landscape updated to time 414 months
landscape updated to time 414.4 months
landscape updated to time 414.8 months
landscape updated to time 415.2 months
landscape updated to time 415.6 months
landscape updated to time 416 months
landscape updated to time 416.4 months
landscape updated to time 416.8 months
landscape updated to time 417.2 months
landscape updated to time 417.6 months
landscape updated to time 418 months
landscape updated to time 418.4 months
landscape updated to time 418.8 months
landscape updated to time 419.2 months
landscape updated to time 419.6 months
landscape updated to time 420 months
landscape updated to time 420.4 months
landscape updated to time 420.8 months
landscape updated to time 421.2 months
landscape updated to time 421.6 months
landscape updated to time 422 months
landscape updated to time 422.4 months
landscape updated to time 422.8 months
landscape updated to time 423.2 months
landscape updated to time 423.6 months
landscape updated to time 424 months
landscape updated to time 424.4 months
landscape updated to time 424.8 months
landscape updated to time 425.2 months
landscape updated to time 425.6 months
landscape updated to time 426 months
landscape updated to time 426.4 months
landscape updated to time 426.8 months
landscape updated to time 427.2 months
landscape updated to time 427.6 months
landscape updated to time 428 months
landscape updated to time 428.4 months
landscape updated to time 428.8 months
landscape updated to time 429.2 months
landscape updated to time 429.6 months
landscape updated to time 430 months
landscape updated to time 430.4 months
landscape updated to time 430.8 months
landscape updated to time 431.2 months
landscape updated to time 431.6 months
landscape updated to time 432 months
landscape updated to time 432.4 months
landscape updated to time 432.8 months
landscape updated to time 433.2 months
landscape updated to time 433.6 months
landscape updated to time 434 months
landscape updated to time 434.4 months
landscape updated to time 434.8 months
landscape updated to time 435.2 months
landscape updated to time 435.6 months
landscape updated to time 436 months
landscape updated to time 436.4 months
landscape updated to time 436.8 months
landscape updated to time 437.2 months
landscape updated to time 437.6 months
landscape updated to time 438 months
landscape updated to time 438.4 months
landscape updated to time 438.8 months
landscape updated to time 439.2 months
landscape updated to time 439.6 months
writing landscape to "output1100.ppm"
preparing PPM file: "output1100.ppm"
PPM file closed; 4000000 pixels written
landscape updated to time 440 months
landscape updated to time 440.4 months
landscape updated to time 440.8 months
landscape updated to time 441.2 months
landscape updated to time 441.6 months
landscape updated to time 442 months
landscape updated to time 442.4 months
landscape updated to time 442.8 months
landscape updated to time 443.2 months
landscape updated to time 443.6 months
landscape updated to time 444 months
landscape updated to time 444.4 months
landscape updated to time 444.8 months
landscape updated to time 445.2 months
landscape updated to time 445.6 months
landscape updated to time 446 months
landscape updated to time 446.4 months
landscape updated to time 446.8 months
landscape updated to time 447.2 months
landscape updated to time 447.6 months
landscape updated to time 448 months
landscape updated to time 448.4 months
landscape updated to time 448.8 months
landscape updated to time 449.2 months
landscape updated to time 449.6 months
landscape updated to time 450 months
landscape updated to time 450.4 months
landscape updated to time 450.8 months
landscape updated to time 451.2 months
landscape updated to time 451.6 months
landscape updated to time 452 months
landscape updated to time 452.4 months
landscape updated to time 452.8 months
landscape updated to time 453.2 months
landscape updated to time 453.6 months
landscape updated to time 454 months
landscape updated to time 454.4 months
landscape updated to time 454.8 months
landscape updated to time 455.2 months
landscape updated to time 455.6 months
landscape updated to time 456 months
landscape updated to time 456.4 months
landscape updated to time 456.8 months
landscape updated to time 457.2 months
landscape updated to time 457.6 months
landscape updated to time 458 months
landscape updated to time 458.4 months
landscape updated to time 458.8 months
landscape updated to time 459.2 months
landscape updated to time 459.6 months
landscape updated to time 460 months
landscape updated to time 460.4 months
landscape updated to time 460.8 months
landscape updated to time 461.2 months
landscape updated to time 461.6 months
landscape updated to time 462 months
landscape updated to time 462.4 months
landscape updated to time 462.8 months
landscape updated to time 463.2 months
landscape updated to time 463.6 months
landscape updated to time 464 months
landscape updated to time 464.4 months
landscape updated to time 464.8 months
landscape updated to time 465.2 months
landscape updated to time 465.6 months
landscape updated to time 466 months
landscape updated to time 466.4 months
landscape updated to time 466.8 months
landscape updated to time 467.2 months
landscape updated to time 467.6 months
landscape updated to time 468 months
landscape updated to time 468.4 months
landscape updated to time 468.8 months
landscape updated to time 469.2 months
landscape updated to time 469.6 months
landscape updated to time 470 months
landscape updated to time 470.4 months
landscape updated to time 470.8 months
landscape updated to time 471.2 months
landscape updated to time 471.6 months
landscape updated to time 472 months
landscape updated to time 472.4 months
landscape updated to time 472.8 months
landscape updated to time 473.2 months
landscape updated to time 473.6 months
landscape updated to time 474 months
landscape updated to time 474.4 months
landscape updated to time 474.8 months
landscape updated to time 475.2 months
landscape updated to time 475.6 months
landscape updated to time 476 months
landscape updated to time 476.4 months
landscape updated to time 476.8 months
landscape updated to time 477.2 months
landscape updated to time 477.6 months
landscape updated to time 478 months
landscape updated to time 478.4 months
landscape updated to time 478.8 months
landscape updated to time 479.2 months
landscape updated to time 479.6 months
writing landscape to "output1200.ppm"
preparing PPM file: "output1200.ppm"
PPM file closed; 4000000 pixels written
landscape updated to time 480 months
landscape updated to time 480.4 months
landscape updated to time 480.8 months
landscape updated to time 481.2 months
landscape updated to time 481.6 months
landscape updated to time 482 months
landscape updated to time 482.4 months
landscape updated to time 482.8 months
landscape updated to time 483.2 months
landscape updated to time 483.6 months
landscape updated to time 484 months
landscape updated to time 484.4 months
landscape updated to time 484.8 months
landscape updated to time 485.2 months
landscape updated to time 485.6 months
landscape updated to time 486 months
landscape updated to time 486.4 months
landscape updated to time 486.8 months
landscape updated to time 487.2 months
landscape updated to time 487.6 months
landscape updated to time 488 months
landscape updated to time 488.4 months
landscape updated to time 488.8 months
landscape updated to time 489.2 months
landscape updated to time 489.6 months
landscape updated to time 490 months
landscape updated to time 490.4 months
landscape updated to time 490.8 months
landscape updated to time 491.2 months
landscape updated to time 491.6 months
landscape updated to time 492 months
landscape updated to time 492.4 months
landscape updated to time 492.8 months
landscape updated to time 493.2 months
landscape updated to time 493.6 months
landscape updated to time 494 months
landscape updated to time 494.4 months
landscape updated to time 494.8 months
landscape updated to time 495.2 months
landscape updated to time 495.6 months
landscape updated to time 496 months
landscape updated to time 496.4 months
landscape updated to time 496.8 months
landscape updated to time 497.2 months
landscape updated to time 497.6 months
landscape updated to time 498 months
landscape updated to time 498.4 months
landscape updated to time 498.8 months
landscape updated to time 499.2 months
landscape updated to time 499.6 months
simulation complete
Elapsed time= 0 h 3 min 39 sec 4294804 msec 101 usec 

real	3m38.918s
user	2m1.317s
sys	0m0.742s
